<?xml version="1.0" encoding="UTF-8"?>
<!-- Generated by org.testng.reporters.JUnitXMLReporter -->
<testsuite ignored="0" hostname="Subhadip" failures="2" tests="2" name="OrderSubmitTest" time="4.441" errors="0" timestamp="07 Jan 2025 16:37:59 GMT">
  <testcase classname="e_commerce.testCases.AfaCustomerOrderPlace" name="FcOrderPlacement" time="0.012">
    <failure type="java.lang.NullPointerException" message="Cannot invoke &amp;quot;com.e_commerce.test.pageObjects.afa.AfaLoginPage.AfaloginFun(String, String)&amp;quot; because &amp;quot;this.AfaLoginPage&amp;quot; is null">
      <![CDATA[java.lang.NullPointerException: Cannot invoke "com.e_commerce.test.pageObjects.afa.AfaLoginPage.AfaloginFun(String, String)" because "this.AfaLoginPage" is null
	at e_commerce.testCases.AfaCustomerOrderPlace.FcOrderPlacement(AfaCustomerOrderPlace.java:32)
... Removed 23 stack frames]]>
    </failure>
  </testcase> <!-- FcOrderPlacement -->
  <testcase classname="e_commerce.testCases.AfaCustomerOrderPlace" name="FcOrderPlacement" time="0.001">
    <failure type="java.lang.NullPointerException" message="Cannot invoke &amp;quot;com.e_commerce.test.pageObjects.afa.AfaLoginPage.AfaloginFun(String, String)&amp;quot; because &amp;quot;this.AfaLoginPage&amp;quot; is null">
      <![CDATA[java.lang.NullPointerException: Cannot invoke "com.e_commerce.test.pageObjects.afa.AfaLoginPage.AfaloginFun(String, String)" because "this.AfaLoginPage" is null
	at e_commerce.testCases.AfaCustomerOrderPlace.FcOrderPlacement(AfaCustomerOrderPlace.java:32)
... Removed 23 stack frames]]>
    </failure>
  </testcase> <!-- FcOrderPlacement -->
</testsuite> <!-- OrderSubmitTest -->
