<?xml version="1.0" encoding="UTF-8"?>
<testng-results ignored="0" total="2" passed="2" failed="0" skipped="0">
  <reporter-output>
  </reporter-output>
  <suite started-at="2025-01-27T20:25:24Z" name="HospitalProjectSuite" finished-at="2025-01-27T20:25:46Z" duration-ms="21320">
    <groups>
    </groups>
    <test started-at="2025-01-27T20:25:24Z" name="ABCD_Hospital Login" finished-at="2025-01-27T20:25:45Z" duration-ms="20135">
      <class name="HospitalProject.testCasesTDD.ABCDHospitalBaseOldTest">
        <test-method signature="login()[pri:0, instance:HospitalProject.testCasesTDD.ABCDHospitalBaseOldTest@4f32a3ad]" started-at="2025-01-28T01:55:24Z" name="login" finished-at="2025-01-28T01:55:45Z" duration-ms="20115" status="PASS">
          <reporter-output>
          </reporter-output>
        </test-method> <!-- login -->
      </class> <!-- HospitalProject.testCasesTDD.ABCDHospitalBaseOldTest -->
    </test> <!-- ABCD_Hospital Login -->
    <test started-at="2025-01-27T20:25:24Z" name="ABCD_Hospital New User Registration" finished-at="2025-01-27T20:25:46Z" duration-ms="21320">
      <class name="HospitalProject.testCasesTDD.HospitalDoctorAvailCheck">
        <test-method is-config="true" signature="goToWebpageTDD()[pri:0, instance:HospitalProject.testCasesTDD.HospitalDoctorAvailCheck@33ecda92]" started-at="2025-01-28T01:55:24Z" name="goToWebpageTDD" finished-at="2025-01-28T01:55:32Z" duration-ms="7344" status="PASS">
          <reporter-output>
          </reporter-output>
        </test-method> <!-- goToWebpageTDD -->
        <test-method signature="UserDoctorCheck()[pri:0, instance:HospitalProject.testCasesTDD.HospitalDoctorAvailCheck@33ecda92]" started-at="2025-01-28T01:55:32Z" name="UserDoctorCheck" finished-at="2025-01-28T01:55:45Z" duration-ms="12857" status="PASS">
          <reporter-output>
          </reporter-output>
        </test-method> <!-- UserDoctorCheck -->
        <test-method is-config="true" signature="closeBrowser()[pri:0, instance:HospitalProject.testCasesTDD.HospitalDoctorAvailCheck@33ecda92]" started-at="2025-01-28T01:55:45Z" name="closeBrowser" finished-at="2025-01-28T01:55:46Z" duration-ms="1104" status="PASS">
          <reporter-output>
          </reporter-output>
        </test-method> <!-- closeBrowser -->
      </class> <!-- HospitalProject.testCasesTDD.HospitalDoctorAvailCheck -->
    </test> <!-- ABCD_Hospital New User Registration -->
  </suite> <!-- HospitalProjectSuite -->
</testng-results>
