<?xml version="1.0" encoding="UTF-8"?>
<testng-results ignored="0" total="1" passed="1" failed="0" skipped="0">
  <reporter-output>
  </reporter-output>
  <suite started-at="2025-01-07T16:46:37Z" name="FCOrderSuite" finished-at="2025-01-07T16:46:45Z" duration-ms="8014">
    <groups>
    </groups>
    <test started-at="2025-01-07T16:46:37Z" name="ABCD_Hospital Login" finished-at="2025-01-07T16:46:45Z" duration-ms="8014">
      <class name="HospitalProject.testCases.ABCDHospitalBase">
        <test-method signature="login()[pri:0, instance:HospitalProject.testCases.ABCDHospitalBase@7bba5817]" started-at="2025-01-07T22:16:37Z" name="login" finished-at="2025-01-07T22:16:45Z" duration-ms="7992" status="PASS">
          <reporter-output>
          </reporter-output>
        </test-method> <!-- login -->
      </class> <!-- HospitalProject.testCases.ABCDHospitalBase -->
    </test> <!-- ABCD_Hospital Login -->
  </suite> <!-- FCOrderSuite -->
</testng-results>
